time="2026-03-18T17:33:15.384830800+09:00" level=info msg="Starting up"
time="2026-03-18T17:33:15.387232600+09:00" level=debug msg="Listener created for HTTP on unix (/var/run/docker.sock)"
time="2026-03-18T17:33:15.387266000+09:00" level=info msg="containerd not running, starting managed containerd"
time="2026-03-18T17:33:15.387678000+09:00" level=debug msg="starting containerd binary" binary=containerd module=libcontainerd
time="2026-03-18T17:33:15.390860600+09:00" level=info msg="started new containerd process" address=/var/run/docker/containerd/containerd.sock module=libcontainerd pid=16221
time="2026-03-18T17:33:15.392606300+09:00" level=debug msg="created containerd monitoring client" address=/var/run/docker/containerd/containerd.sock module=libcontainerd
time="2026-03-18T17:33:15.407664700+09:00" level=info msg="starting containerd" revision=301b2dac98f15c27117da5c8af12118a041a31d9 version=v2.2.2
time="2026-03-18T17:33:15.413375600+09:00" level=warning msg="Configuration migrated from version 2, use `containerd config migrate` to avoid migration" t="7.4µs"
time="2026-03-18T17:33:15.413409000+09:00" level=info msg="loading plugin" id=io.containerd.content.v1.content type=io.containerd.content.v1
time="2026-03-18T17:33:15.413506400+09:00" level=info msg="loading plugin" id=io.containerd.image-verifier.v1.bindir type=io.containerd.image-verifier.v1
time="2026-03-18T17:33:15.413522300+09:00" level=info msg="loading plugin" id=io.containerd.internal.v1.opt type=io.containerd.internal.v1
time="2026-03-18T17:33:15.413572000+09:00" level=info msg="loading plugin" id=io.containerd.warning.v1.deprecations type=io.containerd.warning.v1
time="2026-03-18T17:33:15.413585200+09:00" level=info msg="loading plugin" id=io.containerd.mount-handler.v1.erofs type=io.containerd.mount-handler.v1
time="2026-03-18T17:33:15.413600800+09:00" level=info msg="loading plugin" id=io.containerd.snapshotter.v1.blockfile type=io.containerd.snapshotter.v1
time="2026-03-18T17:33:15.413652600+09:00" level=info msg="skip loading plugin" error="no scratch file generator: skip plugin" id=io.containerd.snapshotter.v1.blockfile type=io.containerd.snapshotter.v1
time="2026-03-18T17:33:15.413665500+09:00" level=info msg="loading plugin" id=io.containerd.snapshotter.v1.btrfs type=io.containerd.snapshotter.v1
time="2026-03-18T17:33:15.413812400+09:00" level=info msg="skip loading plugin" error="path /var/lib/docker/containerd/daemon/io.containerd.snapshotter.v1.btrfs (wslfs) must be a btrfs filesystem to be used with the btrfs snapshotter: skip plugin" id=io.containerd.snapshotter.v1.btrfs type=io.containerd.snapshotter.v1
time="2026-03-18T17:33:15.413827600+09:00" level=info msg="loading plugin" id=io.containerd.snapshotter.v1.devmapper type=io.containerd.snapshotter.v1
time="2026-03-18T17:33:15.413838400+09:00" level=info msg="skip loading plugin" error="devmapper not configured: skip plugin" id=io.containerd.snapshotter.v1.devmapper type=io.containerd.snapshotter.v1
time="2026-03-18T17:33:15.413846300+09:00" level=info msg="loading plugin" id=io.containerd.snapshotter.v1.erofs type=io.containerd.snapshotter.v1
time="2026-03-18T17:33:15.414676800+09:00" level=info msg="skip loading plugin" error="EROFS unsupported, please `modprobe erofs`: skip plugin" id=io.containerd.snapshotter.v1.erofs type=io.containerd.snapshotter.v1
time="2026-03-18T17:33:15.414697700+09:00" level=info msg="loading plugin" id=io.containerd.snapshotter.v1.native type=io.containerd.snapshotter.v1
time="2026-03-18T17:33:15.414747400+09:00" level=info msg="loading plugin" id=io.containerd.snapshotter.v1.overlayfs type=io.containerd.snapshotter.v1
time="2026-03-18T17:33:15.415644000+09:00" level=error msg="failed to ensure the kernel supports pidfd" error="failed to invoke pidfd_open: function not implemented"
time="2026-03-18T17:33:15.417089500+09:00" level=info msg="loading plugin" id=io.containerd.snapshotter.v1.zfs type=io.containerd.snapshotter.v1
time="2026-03-18T17:33:15.417168700+09:00" level=info msg="skip loading plugin" error="lstat /var/lib/docker/containerd/daemon/io.containerd.snapshotter.v1.zfs: no such file or directory: skip plugin" id=io.containerd.snapshotter.v1.zfs type=io.containerd.snapshotter.v1
time="2026-03-18T17:33:15.417213800+09:00" level=info msg="loading plugin" id=io.containerd.event.v1.exchange type=io.containerd.event.v1
time="2026-03-18T17:33:15.417238900+09:00" level=info msg="loading plugin" id=io.containerd.monitor.task.v1.cgroups type=io.containerd.monitor.task.v1
time="2026-03-18T17:33:15.417520600+09:00" level=info msg="loading plugin" id=io.containerd.metadata.v1.bolt type=io.containerd.metadata.v1
time="2026-03-18T17:33:15.417553800+09:00" level=info msg="metadata content store policy set" policy=shared
time="2026-03-18T17:33:15.423014100+09:00" level=info msg="loading plugin" id=io.containerd.gc.v1.scheduler type=io.containerd.gc.v1
time="2026-03-18T17:33:15.423059700+09:00" level=info msg="loading plugin" id=io.containerd.nri.v1.nri type=io.containerd.nri.v1
time="2026-03-18T17:33:15.423088500+09:00" level=info msg="built-in NRI default validator is disabled"
time="2026-03-18T17:33:15.423097100+09:00" level=info msg="runtime interface created"
time="2026-03-18T17:33:15.423103700+09:00" level=info msg="created NRI interface"
time="2026-03-18T17:33:15.423112200+09:00" level=info msg="loading plugin" id=io.containerd.differ.v1.erofs type=io.containerd.differ.v1
time="2026-03-18T17:33:15.423368500+09:00" level=info msg="skip loading plugin" error="failed to check mkfs.erofs availability: failed to run mkfs.erofs --help: exec: \"mkfs.erofs\": executable file not found in $PATH: skip plugin" id=io.containerd.differ.v1.erofs type=io.containerd.differ.v1
time="2026-03-18T17:33:15.423386700+09:00" level=info msg="loading plugin" id=io.containerd.differ.v1.walking type=io.containerd.differ.v1
time="2026-03-18T17:33:15.423402600+09:00" level=info msg="loading plugin" id=io.containerd.lease.v1.manager type=io.containerd.lease.v1
time="2026-03-18T17:33:15.423414200+09:00" level=info msg="loading plugin" id=io.containerd.mount-manager.v1.bolt type=io.containerd.mount-manager.v1
time="2026-03-18T17:33:15.429768000+09:00" level=info msg="loading plugin" id=io.containerd.service.v1.containers-service type=io.containerd.service.v1
time="2026-03-18T17:33:15.429805900+09:00" level=info msg="loading plugin" id=io.containerd.service.v1.content-service type=io.containerd.service.v1
time="2026-03-18T17:33:15.429822100+09:00" level=info msg="loading plugin" id=io.containerd.service.v1.diff-service type=io.containerd.service.v1
time="2026-03-18T17:33:15.429838500+09:00" level=info msg="loading plugin" id=io.containerd.service.v1.images-service type=io.containerd.service.v1
time="2026-03-18T17:33:15.429853600+09:00" level=info msg="loading plugin" id=io.containerd.service.v1.introspection-service type=io.containerd.service.v1
time="2026-03-18T17:33:15.429865900+09:00" level=info msg="loading plugin" id=io.containerd.service.v1.namespaces-service type=io.containerd.service.v1
time="2026-03-18T17:33:15.429878100+09:00" level=info msg="loading plugin" id=io.containerd.service.v1.snapshots-service type=io.containerd.service.v1
time="2026-03-18T17:33:15.429889000+09:00" level=info msg="loading plugin" id=io.containerd.shim.v1.manager type=io.containerd.shim.v1
time="2026-03-18T17:33:15.429913800+09:00" level=info msg="loading plugin" id=io.containerd.runtime.v2.task type=io.containerd.runtime.v2
time="2026-03-18T17:33:15.430100200+09:00" level=info msg="loading plugin" id=io.containerd.service.v1.tasks-service type=io.containerd.service.v1
time="2026-03-18T17:33:15.430125800+09:00" level=debug msg="No blockio config file specified, blockio not configured"
time="2026-03-18T17:33:15.430136700+09:00" level=debug msg="No RDT config file specified, RDT not configured"
time="2026-03-18T17:33:15.430147300+09:00" level=info msg="loading plugin" id=io.containerd.grpc.v1.containers type=io.containerd.grpc.v1
time="2026-03-18T17:33:15.430161000+09:00" level=info msg="loading plugin" id=io.containerd.grpc.v1.content type=io.containerd.grpc.v1
time="2026-03-18T17:33:15.430175000+09:00" level=info msg="loading plugin" id=io.containerd.grpc.v1.diff type=io.containerd.grpc.v1
time="2026-03-18T17:33:15.430221600+09:00" level=info msg="loading plugin" id=io.containerd.grpc.v1.events type=io.containerd.grpc.v1
time="2026-03-18T17:33:15.430237000+09:00" level=info msg="loading plugin" id=io.containerd.grpc.v1.images type=io.containerd.grpc.v1
time="2026-03-18T17:33:15.430250000+09:00" level=info msg="loading plugin" id=io.containerd.grpc.v1.introspection type=io.containerd.grpc.v1
time="2026-03-18T17:33:15.430263700+09:00" level=info msg="loading plugin" id=io.containerd.grpc.v1.leases type=io.containerd.grpc.v1
time="2026-03-18T17:33:15.430276200+09:00" level=info msg="loading plugin" id=io.containerd.grpc.v1.mounts type=io.containerd.grpc.v1
time="2026-03-18T17:33:15.430295400+09:00" level=info msg="loading plugin" id=io.containerd.grpc.v1.namespaces type=io.containerd.grpc.v1
time="2026-03-18T17:33:15.430309600+09:00" level=info msg="loading plugin" id=io.containerd.sandbox.store.v1.local type=io.containerd.sandbox.store.v1
time="2026-03-18T17:33:15.430323000+09:00" level=info msg="loading plugin" id=io.containerd.transfer.v1.local type=io.containerd.transfer.v1
time="2026-03-18T17:33:15.430357300+09:00" level=info msg="loading plugin" id=io.containerd.cri.v1.images type=io.containerd.cri.v1
time="2026-03-18T17:33:15.430395000+09:00" level=info msg="Get image filesystem path \"/var/lib/docker/containerd/daemon/io.containerd.snapshotter.v1.overlayfs\" for snapshotter \"overlayfs\""
time="2026-03-18T17:33:15.430413700+09:00" level=info msg="Start snapshots syncer"
time="2026-03-18T17:33:15.430437000+09:00" level=info msg="loading plugin" id=io.containerd.cri.v1.runtime type=io.containerd.cri.v1
time="2026-03-18T17:33:15.430454400+09:00" level=warning msg="failed to load plugin" error="invalid plugin config: unprivileged_icmp and unprivileged_port require kernel version greater than or equal to 4.11" id=io.containerd.cri.v1.runtime type=io.containerd.cri.v1
time="2026-03-18T17:33:15.430466900+09:00" level=info msg="loading plugin" id=io.containerd.podsandbox.controller.v1.podsandbox type=io.containerd.podsandbox.controller.v1
time="2026-03-18T17:33:15.430498200+09:00" level=warning msg="failed to load plugin" error="unable to load CRI runtime service plugin dependency: invalid plugin config: unprivileged_icmp and unprivileged_port require kernel version greater than or equal to 4.11" id=io.containerd.podsandbox.controller.v1.podsandbox type=io.containerd.podsandbox.controller.v1
time="2026-03-18T17:33:15.430510600+09:00" level=info msg="loading plugin" id=io.containerd.sandbox.controller.v1.shim type=io.containerd.sandbox.controller.v1
time="2026-03-18T17:33:15.430676800+09:00" level=info msg="loading plugin" id=io.containerd.grpc.v1.sandbox-controllers type=io.containerd.grpc.v1
time="2026-03-18T17:33:15.430694100+09:00" level=warning msg="failed to load plugin" error="unable to load CRI runtime service plugin dependency: invalid plugin config: unprivileged_icmp and unprivileged_port require kernel version greater than or equal to 4.11" id=io.containerd.grpc.v1.sandbox-controllers type=io.containerd.grpc.v1
time="2026-03-18T17:33:15.430704400+09:00" level=info msg="loading plugin" id=io.containerd.grpc.v1.sandboxes type=io.containerd.grpc.v1
time="2026-03-18T17:33:15.430717900+09:00" level=info msg="loading plugin" id=io.containerd.grpc.v1.snapshots type=io.containerd.grpc.v1
time="2026-03-18T17:33:15.430729800+09:00" level=info msg="loading plugin" id=io.containerd.streaming.v1.manager type=io.containerd.streaming.v1
time="2026-03-18T17:33:15.430742100+09:00" level=info msg="loading plugin" id=io.containerd.grpc.v1.streaming type=io.containerd.grpc.v1
time="2026-03-18T17:33:15.430752000+09:00" level=info msg="loading plugin" id=io.containerd.grpc.v1.tasks type=io.containerd.grpc.v1
time="2026-03-18T17:33:15.430767000+09:00" level=info msg="loading plugin" id=io.containerd.grpc.v1.transfer type=io.containerd.grpc.v1
time="2026-03-18T17:33:15.430777700+09:00" level=info msg="loading plugin" id=io.containerd.grpc.v1.version type=io.containerd.grpc.v1
time="2026-03-18T17:33:15.430789100+09:00" level=info msg="loading plugin" id=io.containerd.monitor.container.v1.restart type=io.containerd.monitor.container.v1
time="2026-03-18T17:33:15.430816400+09:00" level=info msg="loading plugin" id=io.containerd.tracing.processor.v1.otlp type=io.containerd.tracing.processor.v1
time="2026-03-18T17:33:15.430829500+09:00" level=info msg="skip loading plugin" error="skip plugin: tracing endpoint not configured" id=io.containerd.tracing.processor.v1.otlp type=io.containerd.tracing.processor.v1
time="2026-03-18T17:33:15.430838500+09:00" level=info msg="loading plugin" id=io.containerd.internal.v1.tracing type=io.containerd.internal.v1
time="2026-03-18T17:33:15.430847700+09:00" level=info msg="skip loading plugin" error="skip plugin: tracing endpoint not configured" id=io.containerd.internal.v1.tracing type=io.containerd.internal.v1
time="2026-03-18T17:33:15.430855400+09:00" level=info msg="loading plugin" id=io.containerd.ttrpc.v1.otelttrpc type=io.containerd.ttrpc.v1
time="2026-03-18T17:33:15.430864100+09:00" level=info msg="loading plugin" id=io.containerd.grpc.v1.healthcheck type=io.containerd.grpc.v1
time="2026-03-18T17:33:15.432047600+09:00" level=info msg=serving... address=/var/run/docker/containerd/containerd-debug.sock
time="2026-03-18T17:33:15.432882600+09:00" level=info msg=serving... address=/var/run/docker/containerd/containerd.sock.ttrpc
time="2026-03-18T17:33:15.433120000+09:00" level=info msg=serving... address=/var/run/docker/containerd/containerd.sock
time="2026-03-18T17:33:15.433269800+09:00" level=debug msg="sd notification" notified=false state="READY=1"
time="2026-03-18T17:33:15.433289100+09:00" level=info msg="containerd successfully booted in 0.026170s"
time="2026-03-18T17:33:15.438037100+09:00" level=info msg="OTEL tracing is not configured, using no-op tracer provider"
time="2026-03-18T17:33:15.438277800+09:00" level=info msg="CDI directory does not exist, skipping" dir=/var/run/cdi
time="2026-03-18T17:33:15.438297500+09:00" level=info msg="CDI directory does not exist, skipping" dir=/etc/cdi
time="2026-03-18T17:33:15.455164300+09:00" level=debug msg="Golang's threads limit set to 29430"
time="2026-03-18T17:33:15.455701500+09:00" level=info msg="Creating a containerd client" address=/var/run/docker/containerd/containerd.sock timeout=1m0s
time="2026-03-18T17:33:15.455818200+09:00" level=debug msg="metrics API listening on /var/run/docker/metrics.sock"
time="2026-03-18T17:33:15.456224100+09:00" level=debug msg="Using default logging driver json-file"
time="2026-03-18T17:33:15.456976100+09:00" level=debug msg="No quota support for local volumes in /var/lib/docker/volumes: Filesystem does not support, or has not enabled quotas"
time="2026-03-18T17:33:15.457059000+09:00" level=debug msg="processing event stream" module=libcontainerd namespace=plugins.moby
time="2026-03-18T17:33:15.464720800+09:00" level=info msg="Loading containers: start."
time="2026-03-18T17:33:15.464856300+09:00" level=info msg="NRI is disabled"
time="2026-03-18T17:33:15.464871100+09:00" level=info msg="Starting daemon with containerd snapshotter integration enabled"
time="2026-03-18T17:33:15.464885800+09:00" level=debug msg="remote introspection plugin filters" filters="[type==\"io.containerd.snapshotter.v1\"]"
time="2026-03-18T17:33:15.472207000+09:00" level=info msg="Restoring containers: start."
time="2026-03-18T17:33:15.472243700+09:00" level=debug msg="Option DefaultDriver: bridge"
time="2026-03-18T17:33:15.472256600+09:00" level=debug msg="Option DefaultNetwork: bridge"
time="2026-03-18T17:33:15.472264500+09:00" level=debug msg="Network Control Plane MTU: 1500"
time="2026-03-18T17:33:15.472841200+09:00" level=debug msg="processing event stream" module=libcontainerd namespace=moby
time="2026-03-18T17:33:15.478079800+09:00" level=info msg="Deleting nftables IPv4 rules" error="exit status 3" output="mnl.c:60: Unable to initialize Netlink socket: Protocol not supported"
time="2026-03-18T17:33:15.482452400+09:00" level=info msg="Deleting nftables IPv6 rules" error="exit status 3" output="mnl.c:60: Unable to initialize Netlink socket: Protocol not supported"
time="2026-03-18T17:33:15.482627100+09:00" level=debug msg="unable to initialize firewalld; using raw iptables instead" error="Failed to connect to D-Bus system bus: dial unix /var/run/dbus/system_bus_socket: connect: no such file or directory"
time="2026-03-18T17:33:15.482877800+09:00" level=debug msg="/usr/sbin/iptables, [--wait -t filter -C FORWARD -j DOCKER-ISOLATION]"
time="2026-03-18T17:33:15.486899100+09:00" level=debug msg="/usr/sbin/iptables, [--wait -t nat -D PREROUTING -m addrtype --dst-type LOCAL -j DOCKER]"
time="2026-03-18T17:33:15.489951600+09:00" level=debug msg="/usr/sbin/iptables, [--wait -t nat -D OUTPUT -m addrtype --dst-type LOCAL ! --dst 127.0.0.0/8 -j DOCKER]"
time="2026-03-18T17:33:15.492762700+09:00" level=debug msg="/usr/sbin/iptables, [--wait -t nat -D OUTPUT -m addrtype --dst-type LOCAL -j DOCKER]"
time="2026-03-18T17:33:15.495752100+09:00" level=debug msg="/usr/sbin/iptables, [--wait -t nat -D PREROUTING]"
time="2026-03-18T17:33:15.498234400+09:00" level=debug msg="/usr/sbin/iptables, [--wait -t nat -D OUTPUT]"
time="2026-03-18T17:33:15.500593800+09:00" level=debug msg="/usr/sbin/iptables, [--wait -t nat -F DOCKER]"
time="2026-03-18T17:33:15.503608000+09:00" level=debug msg="/usr/sbin/iptables, [--wait -t nat -X DOCKER]"
time="2026-03-18T17:33:15.506034700+09:00" level=debug msg="/usr/sbin/iptables, [--wait -t filter -F DOCKER-FORWARD]"
time="2026-03-18T17:33:15.508504200+09:00" level=debug msg="/usr/sbin/iptables, [--wait -t filter -X DOCKER-FORWARD]"
time="2026-03-18T17:33:15.511689000+09:00" level=debug msg="/usr/sbin/iptables, [--wait -t filter -F DOCKER-BRIDGE]"
time="2026-03-18T17:33:15.514080900+09:00" level=debug msg="/usr/sbin/iptables, [--wait -t filter -X DOCKER-BRIDGE]"
time="2026-03-18T17:33:15.516395300+09:00" level=debug msg="/usr/sbin/iptables, [--wait -t filter -F DOCKER]"
time="2026-03-18T17:33:15.519214900+09:00" level=debug msg="/usr/sbin/iptables, [--wait -t filter -X DOCKER]"
time="2026-03-18T17:33:15.521547100+09:00" level=debug msg="/usr/sbin/iptables, [--wait -t filter -F DOCKER-CT]"
time="2026-03-18T17:33:15.523950000+09:00" level=debug msg="/usr/sbin/iptables, [--wait -t filter -X DOCKER-CT]"
time="2026-03-18T17:33:15.526407900+09:00" level=debug msg="/usr/sbin/iptables, [--wait -t filter -F DOCKER-INTERNAL]"
time="2026-03-18T17:33:15.528712900+09:00" level=debug msg="/usr/sbin/iptables, [--wait -t filter -X DOCKER-INTERNAL]"
time="2026-03-18T17:33:15.531137100+09:00" level=debug msg="/usr/sbin/iptables, [--wait -t filter -F DOCKER-ISOLATION-STAGE-1]"
time="2026-03-18T17:33:15.533436700+09:00" level=debug msg="/usr/sbin/iptables, [--wait -t filter -X DOCKER-ISOLATION-STAGE-1]"
time="2026-03-18T17:33:15.535888900+09:00" level=debug msg="/usr/sbin/iptables, [--wait -t filter -F DOCKER-ISOLATION-STAGE-2]"
time="2026-03-18T17:33:15.538184900+09:00" level=debug msg="/usr/sbin/iptables, [--wait -t filter -X DOCKER-ISOLATION-STAGE-2]"
time="2026-03-18T17:33:15.540476400+09:00" level=debug msg="/usr/sbin/iptables, [--wait -t filter -F DOCKER-ISOLATION]"
time="2026-03-18T17:33:15.542904300+09:00" level=debug msg="/usr/sbin/iptables, [--wait -t filter -X DOCKER-ISOLATION]"
time="2026-03-18T17:33:15.545337800+09:00" level=debug msg="/usr/sbin/iptables, [--wait -t nat -n -L DOCKER]"
time="2026-03-18T17:33:15.547704700+09:00" level=debug msg="/usr/sbin/iptables, [--wait -t nat -N DOCKER]"
time="2026-03-18T17:33:15.550276700+09:00" level=debug msg="daemon configured with a 15 seconds minimum shutdown timeout"
time="2026-03-18T17:33:15.550296800+09:00" level=debug msg="start clean shutdown of all containers with a 15 seconds timeout..."
time="2026-03-18T17:33:15.551678000+09:00" level=debug msg="Cleaning up old mountid : start."
time="2026-03-18T17:33:15.551768100+09:00" level=info msg="stopping event stream following graceful shutdown" error="<nil>" module=libcontainerd namespace=moby
time="2026-03-18T17:33:15.551814900+09:00" level=debug msg="Cleaning up old mountid : done."
time="2026-03-18T17:33:15.551914500+09:00" level=debug msg="unmounting daemon root" mountpoint=/var/lib/docker
time="2026-03-18T17:33:15.552831300+09:00" level=info msg="stopping healthcheck following graceful shutdown" module=libcontainerd
time="2026-03-18T17:33:15.552867700+09:00" level=info msg="stopping event stream following graceful shutdown" error="context canceled" module=libcontainerd namespace=plugins.moby
time="2026-03-18T17:33:15.553060700+09:00" level=debug msg="received signal" signal=terminated
time="2026-03-18T17:33:15.553122600+09:00" level=debug msg="sd notification" notified=false state="STOPPING=1"
time="2026-03-18T17:33:16.555074400+09:00" level=info msg="Daemon shutdown complete" error="failed to start daemon: Error initializing network controller: error obtaining controller instance: failed to register \"bridge\" driver: failed to create NAT chain DOCKER: iptables failed: iptables --wait -t nat -N DOCKER: iptables v1.8.7 (legacy): can't initialize iptables table `nat': Table does not exist (do you need to insmod?)\nPerhaps iptables or your kernel needs to be upgraded.\n (exit status 3)"
failed to start daemon: Error initializing network controller: error obtaining controller instance: failed to register "bridge" driver: failed to create NAT chain DOCKER: iptables failed: iptables --wait -t nat -N DOCKER: iptables v1.8.7 (legacy): can't initialize iptables table `nat': Table does not exist (do you need to insmod?)
Perhaps iptables or your kernel needs to be upgraded.
 (exit status 3)
